<?xml version="1.0" encoding="UTF-8"?>
<testng-results ignored="0" total="1" passed="1" failed="0" skipped="0">
  <reporter-output>
  </reporter-output>
  <suite started-at="2023-01-09T12:36:19Z" name="Default suite" finished-at="2023-01-09T12:36:57Z" duration-ms="37574">
    <groups>
    </groups>
    <test started-at="2023-01-09T12:36:19Z" name="Default test" finished-at="2023-01-09T12:36:57Z" duration-ms="37574">
      <class name="appTests.CheckBag">
        <test-method is-config="true" signature="setUp()[pri:0, instance:appTests.CheckBag@3e6104fc]" started-at="2023-01-09T18:06:19Z" name="setUp" finished-at="2023-01-09T18:06:27Z" duration-ms="7449" status="PASS">
          <reporter-output>
          </reporter-output>
        </test-method> <!-- setUp -->
        <test-method signature="testBag()[pri:0, instance:appTests.CheckBag@3e6104fc]" started-at="2023-01-09T18:06:27Z" name="testBag" finished-at="2023-01-09T18:06:56Z" duration-ms="29612" status="PASS">
          <reporter-output>
          </reporter-output>
        </test-method> <!-- testBag -->
        <test-method is-config="true" signature="tearDown()[pri:0, instance:appTests.CheckBag@3e6104fc]" started-at="2023-01-09T18:06:56Z" name="tearDown" finished-at="2023-01-09T18:06:57Z" duration-ms="477" status="PASS">
          <reporter-output>
          </reporter-output>
        </test-method> <!-- tearDown -->
      </class> <!-- appTests.CheckBag -->
    </test> <!-- Default test -->
  </suite> <!-- Default suite -->
</testng-results>
